<?xml version="1.0" encoding="UTF-8"?>
<testng-results skipped="0" failed="0" total="0" passed="0">
  <reporter-output>
  </reporter-output>
  <suite name="org.redbrick.medright.ClockSyncTest" duration-ms="3" started-at="2015-08-25T20:57:10Z" finished-at="2015-08-25T20:57:10Z">
    <groups>
    </groups>
    <test name="Command line test" duration-ms="3" started-at="2015-08-25T20:57:10Z" finished-at="2015-08-25T20:57:10Z">
    </test> <!-- Command line test -->
  </suite> <!-- org.redbrick.medright.ClockSyncTest -->
</testng-results>
